<?xml version="1.0" encoding="UTF-8"?>
<testsuite xmlns:xsi="http://www.w3.org/2001/XMLSchema-instance" xsi:noNamespaceSchemaLocation="https://maven.apache.org/surefire/maven-surefire-plugin/xsd/surefire-test-report.xsd" name="user.UserTest" time="0.072" tests="10" errors="0" skipped="0" failures="0">
  <properties>
    <property name="java.specification.version" value="23"/>
    <property name="sun.cpu.isalist" value="amd64"/>
    <property name="sun.jnu.encoding" value="Cp1252"/>
    <property name="java.class.path" value="D:\Akademija Strukovnih studija Nis\Predavanja\II Godina\3 Semestar\4 - PARS - Programski alati za razvoj softvera\Vezbe Java\Vezba 1a\UserProject\target\test-classes;D:\Akademija Strukovnih studija Nis\Predavanja\II Godina\3 Semestar\4 - PARS - Programski alati za razvoj softvera\Vezbe Java\Vezba 1a\UserProject\target\classes;C:\Users\Krle_\.m2\repository\org\junit\jupiter\junit-jupiter-api\5.7.2\junit-jupiter-api-5.7.2.jar;C:\Users\Krle_\.m2\repository\org\apiguardian\apiguardian-api\1.1.0\apiguardian-api-1.1.0.jar;C:\Users\Krle_\.m2\repository\org\opentest4j\opentest4j\1.2.0\opentest4j-1.2.0.jar;C:\Users\Krle_\.m2\repository\org\junit\platform\junit-platform-commons\1.7.2\junit-platform-commons-1.7.2.jar;C:\Users\Krle_\.m2\repository\org\junit\jupiter\junit-jupiter-engine\5.7.2\junit-jupiter-engine-5.7.2.jar;C:\Users\Krle_\.m2\repository\org\junit\platform\junit-platform-engine\1.7.2\junit-platform-engine-1.7.2.jar;"/>
    <property name="java.vm.vendor" value="Eclipse Adoptium"/>
    <property name="sun.arch.data.model" value="64"/>
    <property name="user.variant" value=""/>
    <property name="java.vendor.url" value="https://adoptium.net/"/>
    <property name="user.timezone" value="Europe/Berlin"/>
    <property name="user.country.format" value="150"/>
    <property name="os.name" value="Windows 11"/>
    <property name="java.vm.specification.version" value="23"/>
    <property name="sun.java.launcher" value="SUN_STANDARD"/>
    <property name="user.country" value="US"/>
    <property name="sun.boot.library.path" value="C:\Users\Krle_\.p2\pool\plugins\org.eclipse.justj.openjdk.hotspot.jre.full.win32.x86_64_23.0.1.v20241024-1700\jre\bin"/>
    <property name="sun.java.command" value="C:\Users\Krle_\AppData\Local\Temp\surefire5099116981257831168\surefirebooter13997487444814523479.jar C:\Users\Krle_\AppData\Local\Temp\surefire5099116981257831168 2024-12-12T20-53-11_977-jvmRun1 surefire3994455543880530412tmp surefire_02754471225155182856tmp"/>
    <property name="jdk.debug" value="release"/>
    <property name="surefire.test.class.path" value="D:\Akademija Strukovnih studija Nis\Predavanja\II Godina\3 Semestar\4 - PARS - Programski alati za razvoj softvera\Vezbe Java\Vezba 1a\UserProject\target\test-classes;D:\Akademija Strukovnih studija Nis\Predavanja\II Godina\3 Semestar\4 - PARS - Programski alati za razvoj softvera\Vezbe Java\Vezba 1a\UserProject\target\classes;C:\Users\Krle_\.m2\repository\org\junit\jupiter\junit-jupiter-api\5.7.2\junit-jupiter-api-5.7.2.jar;C:\Users\Krle_\.m2\repository\org\apiguardian\apiguardian-api\1.1.0\apiguardian-api-1.1.0.jar;C:\Users\Krle_\.m2\repository\org\opentest4j\opentest4j\1.2.0\opentest4j-1.2.0.jar;C:\Users\Krle_\.m2\repository\org\junit\platform\junit-platform-commons\1.7.2\junit-platform-commons-1.7.2.jar;C:\Users\Krle_\.m2\repository\org\junit\jupiter\junit-jupiter-engine\5.7.2\junit-jupiter-engine-5.7.2.jar;C:\Users\Krle_\.m2\repository\org\junit\platform\junit-platform-engine\1.7.2\junit-platform-engine-1.7.2.jar;"/>
    <property name="sun.cpu.endian" value="little"/>
    <property name="user.home" value="C:\Users\Krle_"/>
    <property name="user.language" value="en"/>
    <property name="java.specification.vendor" value="Oracle Corporation"/>
    <property name="java.version.date" value="2024-10-15"/>
    <property name="java.home" value="C:\Users\Krle_\.p2\pool\plugins\org.eclipse.justj.openjdk.hotspot.jre.full.win32.x86_64_23.0.1.v20241024-1700\jre"/>
    <property name="file.separator" value="\"/>
    <property name="basedir" value="D:\Akademija Strukovnih studija Nis\Predavanja\II Godina\3 Semestar\4 - PARS - Programski alati za razvoj softvera\Vezbe Java\Vezba 1a\UserProject"/>
    <property name="style.color" value="always"/>
    <property name="java.vm.compressedOopsMode" value="Zero based"/>
    <property name="line.separator" value="&#10;"/>
    <property name="java.vm.specification.vendor" value="Oracle Corporation"/>
    <property name="java.specification.name" value="Java Platform API Specification"/>
    <property name="surefire.real.class.path" value="C:\Users\Krle_\AppData\Local\Temp\surefire5099116981257831168\surefirebooter13997487444814523479.jar"/>
    <property name="user.script" value=""/>
    <property name="sun.management.compiler" value="HotSpot 64-Bit Tiered Compilers"/>
    <property name="java.runtime.version" value="23.0.1+11"/>
    <property name="user.name" value="Krle_"/>
    <property name="stdout.encoding" value="Cp1252"/>
    <property name="path.separator" value=";"/>
    <property name="os.version" value="10.0"/>
    <property name="java.runtime.name" value="OpenJDK Runtime Environment"/>
    <property name="file.encoding" value="UTF-8"/>
    <property name="java.vm.name" value="OpenJDK 64-Bit Server VM"/>
    <property name="java.vendor.version" value="Temurin-23.0.1+11"/>
    <property name="localRepository" value="C:\Users\Krle_\.m2\repository"/>
    <property name="java.vendor.url.bug" value="https://github.com/adoptium/adoptium-support/issues"/>
    <property name="java.io.tmpdir" value="C:\Users\Krle_\AppData\Local\Temp\"/>
    <property name="java.version" value="23.0.1"/>
    <property name="user.dir" value="D:\Akademija Strukovnih studija Nis\Predavanja\II Godina\3 Semestar\4 - PARS - Programski alati za razvoj softvera\Vezbe Java\Vezba 1a\UserProject"/>
    <property name="os.arch" value="amd64"/>
    <property name="java.vm.specification.name" value="Java Virtual Machine Specification"/>
    <property name="sun.os.patch.level" value=""/>
    <property name="native.encoding" value="Cp1252"/>
    <property name="java.library.path" value="C:\Users\Krle_\.p2\pool\plugins\org.eclipse.justj.openjdk.hotspot.jre.full.win32.x86_64_23.0.1.v20241024-1700\jre\bin;C:\WINDOWS\Sun\Java\bin;C:\WINDOWS\system32;C:\WINDOWS;C:/Users/Krle_/.p2/pool/plugins/org.eclipse.justj.openjdk.hotspot.jre.full.win32.x86_64_23.0.1.v20241024-1700/jre/bin/server;C:/Users/Krle_/.p2/pool/plugins/org.eclipse.justj.openjdk.hotspot.jre.full.win32.x86_64_23.0.1.v20241024-1700/jre/bin;C:\Program Files (x86)\Common Files\Intel\Shared Libraries\redist\intel64\compiler;C:\Users\Krle_\AppData\Local\Programs\Python\Python312\Scripts\;C:\Users\Krle_\AppData\Local\Programs\Python\Python312;C:\windows\system32;C:\windows;C:\windows\System32\Wbem;C:\windows\System32\WindowsPowerShell\v1.0\;C:\windows\System32\OpenSSH\;C:\Program Files\dotnet\;C:\ProgramData\chocolatey\bin;C:\WINDOWS\system32;C:\WINDOWS;C:\WINDOWS\System32\Wbem;C:\WINDOWS\System32\WindowsPowerShell\v1.0\;C:\WINDOWS\System32\OpenSSH\;C:\Program Files\Git\cmd;C:\Program Files (x86)\Windows Kits\10\Windows Performance Toolkit\;C:\WINDOWS\system32;C:\WINDOWS;C:\WINDOWS\System32\Wbem;C:\WINDOWS\System32\WindowsPowerShell\v1.0\;C:\WINDOWS\System32\OpenSSH\;C:\Program Files\Azure Data Studio\bin;C:\Program Files\Microsoft SQL Server\150\Tools\Binn\;C:\Program Files\Common Files\Autodesk Shared\;C:\Program Files\nodejs\;d:\Program Files (x86)\Xampp\php\;d:\Program Files (x86)\Apache\Maven\apache-maven-3.9.9\bin\;d:\Program Files (x86)\Apache\Maven\apache-maven-3.9.9\;D:\Program Files (x86)\jdk-21.0.5+11\bin;C:\Users\Krle_\AppData\Local\Programs\Python\Python312\Scripts\;C:\Users\Krle_\AppData\Local\Programs\Python\Python312\;C:\Users\Krle_\AppData\Local\Programs\Microsoft VS Code\bin;C:\Users\Krle_\.dotnet\tools;C:\Users\Krle_\AppData\Local\Microsoft\WindowsApps;C:\Program Files\Azure Data Studio\bin;%IntelliJ IDEA Community Edition%;C:\Users\Krle_\AppData\Roaming\npm;D:\Program Files (x86)\Nmap;%IntelliJ IDEA%;d:\Program Files (x86)\Xampp\php\;;C:\Users\Krle_\Desktop;;."/>
    <property name="java.vm.info" value="mixed mode, sharing"/>
    <property name="stderr.encoding" value="Cp1252"/>
    <property name="java.vendor" value="Eclipse Adoptium"/>
    <property name="java.vm.version" value="23.0.1+11"/>
    <property name="sun.io.unicode.encoding" value="UnicodeLittle"/>
    <property name="java.class.version" value="67.0"/>
  </properties>
  <testcase name="testFavoriteActivitiesNotNull" classname="user.UserTest" time="0.03"/>
  <testcase name="testIsAdultTrue" classname="user.UserTest" time="0.003"/>
  <testcase name="testIsAdultFalse" classname="user.UserTest" time="0.002"/>
  <testcase name="testUserAge" classname="user.UserTest" time="0.002"/>
  <testcase name="testGetLastName" classname="user.UserTest" time="0.003"/>
  <testcase name="testFavoriteActivities" classname="user.UserTest" time="0.003"/>
  <testcase name="testUninitializedUser" classname="user.UserTest" time="0.002"/>
  <testcase name="testAddActivity" classname="user.UserTest" time="0.001"/>
  <testcase name="testGetFirstName" classname="user.UserTest" time="0"/>
  <testcase name="testFullName" classname="user.UserTest" time="0.001"/>
</testsuite>